2026-06-28 14:41:08,952 [INFO] Arguments: Namespace(data_path='data/WN18RR/', gpu=0, seed=1234, topk=0.1, topm=-1, cpu=8, epochs=15, lr=0.001, use_pairwise=False)
2026-06-28 14:41:08,952 [INFO] Loading WN18RR dataset...
2026-06-28 14:41:11,133 [INFO] KG stats: n_ent=40943, n_rel=11
2026-06-28 14:41:11,134 [INFO] Initializing PPR Samplers...
2026-06-28 14:51:31,924 [INFO] Building KG adjacency structure...
2026-06-28 14:51:32,328 [INFO] Computing relation match statistics...
2026-06-28 14:51:32,487 [INFO] Collecting candidate pools and features for WN18RR queries...
2026-06-28 14:54:31,024 [INFO] ---------------------------------------------
2026-06-28 14:54:31,024 [INFO] MLP Structure:
PruningMLP(
  (net): Sequential(
    (0): Linear(in_features=6, out_features=32, bias=True)
    (1): ReLU()
    (2): Linear(in_features=32, out_features=16, bias=True)
    (3): ReLU()
    (4): Linear(in_features=16, out_features=1, bias=True)
  )
)
2026-06-28 14:54:31,024 [INFO] ---------------------------------------------
2026-06-28 14:54:31,024 [INFO] Starting Pruning MLP training...
2026-06-28 14:54:42,494 [INFO] Epoch 1/15  |  Avg Loss: 0.009416
2026-06-28 14:54:56,209 [INFO] Epoch 2/15  |  Avg Loss: 0.000847
2026-06-28 14:55:06,975 [INFO] Epoch 3/15  |  Avg Loss: 0.000806
2026-06-28 14:55:17,736 [INFO] Epoch 4/15  |  Avg Loss: 0.000777
2026-06-28 14:55:31,428 [INFO] Epoch 5/15  |  Avg Loss: 0.000759
2026-06-28 14:55:42,189 [INFO] Epoch 6/15  |  Avg Loss: 0.000743
2026-06-28 14:55:52,952 [INFO] Epoch 7/15  |  Avg Loss: 0.000734
2026-06-28 14:56:06,677 [INFO] Epoch 8/15  |  Avg Loss: 0.000731
2026-06-28 14:56:17,327 [INFO] Epoch 9/15  |  Avg Loss: 0.000724
2026-06-28 14:56:27,962 [INFO] Epoch 10/15  |  Avg Loss: 0.000723
2026-06-28 14:56:41,538 [INFO] Epoch 11/15  |  Avg Loss: 0.000718
2026-06-28 14:56:52,185 [INFO] Epoch 12/15  |  Avg Loss: 0.000716
2026-06-28 14:57:02,775 [INFO] Epoch 13/15  |  Avg Loss: 0.000712
2026-06-28 14:57:16,400 [INFO] Epoch 14/15  |  Avg Loss: 0.000710
2026-06-28 14:57:27,154 [INFO] Epoch 15/15  |  Avg Loss: 0.000707
2026-06-28 14:57:27,154 [INFO] Evaluating Recall@K on Validation queries...
2026-06-28 14:57:28,529 [INFO] Budget K= 10  |  PIVOT (MLP) Recall: 0.2750  |  PPR-only Recall: 0.2660
2026-06-28 14:57:29,753 [INFO] Budget K= 50  |  PIVOT (MLP) Recall: 0.4090  |  PPR-only Recall: 0.3730
2026-06-28 14:57:30,978 [INFO] Budget K=100  |  PIVOT (MLP) Recall: 0.4840  |  PPR-only Recall: 0.4380
2026-06-28 14:57:32,215 [INFO] Budget K=200  |  PIVOT (MLP) Recall: 0.5900  |  PPR-only Recall: 0.5110
2026-06-28 14:57:33,473 [INFO] Budget K=500  |  PIVOT (MLP) Recall: 0.6880  |  PPR-only Recall: 0.6370
2026-06-28 14:57:33,473 [INFO] =================================================================
2026-06-28 14:57:33,473 [INFO]                       FINAL RECALL COMPARISON                    
2026-06-28 14:57:33,473 [INFO] =================================================================
2026-06-28 14:57:33,473 [INFO] Budget K   |   PIVOT (Learned MLP) Recall   |   PPR-only Recall
2026-06-28 14:57:33,473 [INFO] -----------|--------------------------------|--------------------
2026-06-28 14:57:33,473 [INFO]       10   |                       0.2750   |             0.2660 (+0.0090)
2026-06-28 14:57:33,474 [INFO]       50   |                       0.4090   |             0.3730 (+0.0360)
2026-06-28 14:57:33,474 [INFO]      100   |                       0.4840   |             0.4380 (+0.0460)
2026-06-28 14:57:33,474 [INFO]      200   |                       0.5900   |             0.5110 (+0.0790)
2026-06-28 14:57:33,474 [INFO]      500   |                       0.6880   |             0.6370 (+0.0510)
2026-06-28 14:57:33,474 [INFO] =================================================================
2026-06-28 14:57:33,474 [INFO] Done.
