2026-06-28 16:41:30,851 [INFO] Arguments: Namespace(data_path='data/WN18RR/', gpu=0, topk=0.1, topm=-1, cpu=8, epochs=25, lr=0.001, weight_decay=1e-05, lambda_rank=0.4, n_hard_neg=30, n_random_neg=20, hinge_margin=1.0, early_stop_patience=5)
2026-06-28 16:41:30,851 [INFO] ======================================================================
2026-06-28 16:41:30,851 [INFO] SPEC COMPLIANCE: 7 features, 64->32 architecture, hard-neg mining, multi-seed evaluation
2026-06-28 16:41:30,851 [INFO] ======================================================================
2026-06-28 16:41:30,851 [INFO] Loading WN18RR dataset...
2026-06-28 16:41:33,020 [INFO] KG stats: n_ent=40943, n_rel=11
2026-06-28 16:41:33,020 [INFO] Initializing PPR Sampler (Pre-loading scores)...
2026-06-28 16:52:12,712 [INFO] Building KG adjacency structure...
2026-06-28 16:52:13,139 [INFO] Computing tail_freq_for_q statistics...
2026-06-28 16:52:13,304 [INFO] Computing rel_match_score statistics...
2026-06-28 16:52:13,458 [INFO] Collecting candidate pools and extracting features...
2026-06-28 16:54:27,372 [INFO] Collecting Train Queries | PPR Candidate Pool (size=4094) Coverage: 100.00% (4000/4000)
2026-06-28 16:55:37,695 [INFO] Collecting Valid Queries | PPR Candidate Pool (size=4094) Coverage: 84.20% (842/1000)
2026-06-28 16:55:37,695 [INFO] ============================================================
2026-06-28 16:55:37,695 [INFO] RUNNING WITH SEED: 42
2026-06-28 16:55:37,696 [INFO] ============================================================
2026-06-28 16:56:04,174 [INFO] Seed   42 | Epoch  1/25  |  Loss: 0.6967 (BCE: 0.6490, Hinge: 0.1194)  |  Val Realistic R@100: 0.5140  |  LR: 1.00e-03
2026-06-28 16:56:27,546 [INFO] Seed   42 | Epoch  2/25  |  Loss: 0.5465 (BCE: 0.5142, Hinge: 0.0808)  |  Val Realistic R@100: 0.5180  |  LR: 1.00e-03
2026-06-28 16:56:47,753 [INFO] Seed   42 | Epoch  3/25  |  Loss: 0.4962 (BCE: 0.4687, Hinge: 0.0687)  |  Val Realistic R@100: 0.5360  |  LR: 1.00e-03
2026-06-28 16:57:11,557 [INFO] Seed   42 | Epoch  4/25  |  Loss: 0.4716 (BCE: 0.4455, Hinge: 0.0652)  |  Val Realistic R@100: 0.5340  |  LR: 1.00e-03
2026-06-28 16:57:34,782 [INFO] Seed   42 | Epoch  5/25  |  Loss: 0.4660 (BCE: 0.4400, Hinge: 0.0650)  |  Val Realistic R@100: 0.5210  |  LR: 1.00e-03
2026-06-28 16:57:54,788 [INFO] Seed   42 | Epoch  6/25  |  Loss: 0.4528 (BCE: 0.4277, Hinge: 0.0628)  |  Val Realistic R@100: 0.5240  |  LR: 1.00e-03
2026-06-28 16:58:18,584 [INFO] Seed   42 | Epoch  7/25  |  Loss: 0.4474 (BCE: 0.4225, Hinge: 0.0622)  |  Val Realistic R@100: 0.5250  |  LR: 5.00e-04
2026-06-28 16:58:42,874 [INFO] Seed   42 | Epoch  8/25  |  Loss: 0.4282 (BCE: 0.4049, Hinge: 0.0582)  |  Val Realistic R@100: 0.5240  |  LR: 5.00e-04
2026-06-28 16:58:42,875 [INFO] Early stopping for seed 42 at epoch 8
2026-06-28 16:58:42,879 [INFO] Seed 42 | Best Model loaded (Realistic R@100 = 0.5360)
2026-06-28 16:58:44,280 [INFO] Seed   42 | Budget K= 10 | MLP (Oracle/Real): 0.2920/0.2920 | PPR (Oracle/Real): 0.2660/0.2660
2026-06-28 16:58:45,634 [INFO] Seed   42 | Budget K= 50 | MLP (Oracle/Real): 0.4430/0.4430 | PPR (Oracle/Real): 0.3730/0.3730
2026-06-28 16:58:46,980 [INFO] Seed   42 | Budget K=100 | MLP (Oracle/Real): 0.5360/0.5360 | PPR (Oracle/Real): 0.4380/0.4380
2026-06-28 16:58:48,292 [INFO] Seed   42 | Budget K=200 | MLP (Oracle/Real): 0.6160/0.6160 | PPR (Oracle/Real): 0.5110/0.5110
2026-06-28 16:58:49,626 [INFO] Seed   42 | Budget K=500 | MLP (Oracle/Real): 0.7060/0.7060 | PPR (Oracle/Real): 0.6370/0.6370
2026-06-28 16:58:49,626 [INFO] ============================================================
2026-06-28 16:58:49,626 [INFO] RUNNING WITH SEED: 123
2026-06-28 16:58:49,627 [INFO] ============================================================
2026-06-28 16:59:09,252 [INFO] Seed  123 | Epoch  1/25  |  Loss: 0.6916 (BCE: 0.6449, Hinge: 0.1167)  |  Val Realistic R@100: 0.5030  |  LR: 1.00e-03
2026-06-28 16:59:33,020 [INFO] Seed  123 | Epoch  2/25  |  Loss: 0.5391 (BCE: 0.5081, Hinge: 0.0775)  |  Val Realistic R@100: 0.5180  |  LR: 1.00e-03
2026-06-28 16:59:56,482 [INFO] Seed  123 | Epoch  3/25  |  Loss: 0.5131 (BCE: 0.4846, Hinge: 0.0710)  |  Val Realistic R@100: 0.5050  |  LR: 1.00e-03
2026-06-28 17:00:15,878 [INFO] Seed  123 | Epoch  4/25  |  Loss: 0.4972 (BCE: 0.4702, Hinge: 0.0675)  |  Val Realistic R@100: 0.4980  |  LR: 1.00e-03
2026-06-28 17:00:38,890 [INFO] Seed  123 | Epoch  5/25  |  Loss: 0.4895 (BCE: 0.4626, Hinge: 0.0672)  |  Val Realistic R@100: 0.5220  |  LR: 1.00e-03
2026-06-28 17:00:58,316 [INFO] Seed  123 | Epoch  6/25  |  Loss: 0.4780 (BCE: 0.4520, Hinge: 0.0651)  |  Val Realistic R@100: 0.5280  |  LR: 1.00e-03
2026-06-28 17:01:21,390 [INFO] Seed  123 | Epoch  7/25  |  Loss: 0.4736 (BCE: 0.4479, Hinge: 0.0644)  |  Val Realistic R@100: 0.5230  |  LR: 1.00e-03
2026-06-28 17:01:44,375 [INFO] Seed  123 | Epoch  8/25  |  Loss: 0.4679 (BCE: 0.4425, Hinge: 0.0634)  |  Val Realistic R@100: 0.5160  |  LR: 1.00e-03
2026-06-28 17:02:03,817 [INFO] Seed  123 | Epoch  9/25  |  Loss: 0.4543 (BCE: 0.4294, Hinge: 0.0621)  |  Val Realistic R@100: 0.5210  |  LR: 1.00e-03
2026-06-28 17:02:26,936 [INFO] Seed  123 | Epoch 10/25  |  Loss: 0.4417 (BCE: 0.4177, Hinge: 0.0600)  |  Val Realistic R@100: 0.5210  |  LR: 5.00e-04
2026-06-28 17:02:46,394 [INFO] Seed  123 | Epoch 11/25  |  Loss: 0.4183 (BCE: 0.3955, Hinge: 0.0568)  |  Val Realistic R@100: 0.5200  |  LR: 5.00e-04
2026-06-28 17:02:46,395 [INFO] Early stopping for seed 123 at epoch 11
2026-06-28 17:02:46,399 [INFO] Seed 123 | Best Model loaded (Realistic R@100 = 0.5280)
2026-06-28 17:02:47,729 [INFO] Seed  123 | Budget K= 10 | MLP (Oracle/Real): 0.3070/0.3070 | PPR (Oracle/Real): 0.2660/0.2660
2026-06-28 17:02:49,040 [INFO] Seed  123 | Budget K= 50 | MLP (Oracle/Real): 0.4380/0.4380 | PPR (Oracle/Real): 0.3730/0.3730
2026-06-28 17:02:53,927 [INFO] Seed  123 | Budget K=100 | MLP (Oracle/Real): 0.5280/0.5280 | PPR (Oracle/Real): 0.4380/0.4380
2026-06-28 17:02:55,253 [INFO] Seed  123 | Budget K=200 | MLP (Oracle/Real): 0.6150/0.6150 | PPR (Oracle/Real): 0.5110/0.5110
2026-06-28 17:02:56,589 [INFO] Seed  123 | Budget K=500 | MLP (Oracle/Real): 0.7230/0.7230 | PPR (Oracle/Real): 0.6370/0.6370
2026-06-28 17:02:56,589 [INFO] ============================================================
2026-06-28 17:02:56,589 [INFO] RUNNING WITH SEED: 1234
2026-06-28 17:02:56,590 [INFO] ============================================================
2026-06-28 17:03:16,013 [INFO] Seed 1234 | Epoch  1/25  |  Loss: 0.7026 (BCE: 0.6544, Hinge: 0.1205)  |  Val Realistic R@100: 0.5220  |  LR: 1.00e-03
2026-06-28 17:03:39,064 [INFO] Seed 1234 | Epoch  2/25  |  Loss: 0.5480 (BCE: 0.5174, Hinge: 0.0764)  |  Val Realistic R@100: 0.5360  |  LR: 1.00e-03
2026-06-28 17:03:59,309 [INFO] Seed 1234 | Epoch  3/25  |  Loss: 0.5145 (BCE: 0.4864, Hinge: 0.0703)  |  Val Realistic R@100: 0.5150  |  LR: 1.00e-03
2026-06-28 17:04:23,095 [INFO] Seed 1234 | Epoch  4/25  |  Loss: 0.5024 (BCE: 0.4745, Hinge: 0.0699)  |  Val Realistic R@100: 0.5330  |  LR: 1.00e-03
2026-06-28 17:04:46,832 [INFO] Seed 1234 | Epoch  5/25  |  Loss: 0.4922 (BCE: 0.4645, Hinge: 0.0693)  |  Val Realistic R@100: 0.5280  |  LR: 1.00e-03
2026-06-28 17:05:07,041 [INFO] Seed 1234 | Epoch  6/25  |  Loss: 0.4740 (BCE: 0.4485, Hinge: 0.0637)  |  Val Realistic R@100: 0.5130  |  LR: 5.00e-04
2026-06-28 17:05:30,802 [INFO] Seed 1234 | Epoch  7/25  |  Loss: 0.4517 (BCE: 0.4270, Hinge: 0.0618)  |  Val Realistic R@100: 0.5160  |  LR: 5.00e-04
2026-06-28 17:05:30,803 [INFO] Early stopping for seed 1234 at epoch 7
2026-06-28 17:05:30,807 [INFO] Seed 1234 | Best Model loaded (Realistic R@100 = 0.5360)
2026-06-28 17:05:32,168 [INFO] Seed 1234 | Budget K= 10 | MLP (Oracle/Real): 0.2980/0.2980 | PPR (Oracle/Real): 0.2660/0.2660
2026-06-28 17:05:33,511 [INFO] Seed 1234 | Budget K= 50 | MLP (Oracle/Real): 0.4370/0.4370 | PPR (Oracle/Real): 0.3730/0.3730
2026-06-28 17:05:34,862 [INFO] Seed 1234 | Budget K=100 | MLP (Oracle/Real): 0.5360/0.5360 | PPR (Oracle/Real): 0.4380/0.4380
2026-06-28 17:05:36,228 [INFO] Seed 1234 | Budget K=200 | MLP (Oracle/Real): 0.6280/0.6280 | PPR (Oracle/Real): 0.5110/0.5110
2026-06-28 17:05:37,620 [INFO] Seed 1234 | Budget K=500 | MLP (Oracle/Real): 0.7210/0.7210 | PPR (Oracle/Real): 0.6370/0.6370
2026-06-28 17:05:37,620 [INFO] ======================================================================
2026-06-28 17:05:37,621 [INFO]                     AGGREGATED MULTI-SEED ANALYSIS                 
2026-06-28 17:05:37,621 [INFO] ======================================================================
2026-06-28 17:05:37,632 [INFO] Aggregated summary saved to: ./data/WN18RR/budget_results/pruning_mlp_aggregated_summary.csv
2026-06-28 17:05:37,632 [INFO] PPR Candidate Pool Upper Bound (Validation Coverage): 84.20%
2026-06-28 17:05:37,632 [INFO] --------------------------------------------------------------------------------
2026-06-28 17:05:37,632 [INFO] 1. REALISTIC EVALUATION (Coi query ngoài candidate pool là miss - Đúng thực tế)
2026-06-28 17:05:37,632 [INFO] --------------------------------------------------------------------------------
2026-06-28 17:05:37,633 [INFO] Budget K  |  PIVOT (MLP) Recall (Mean±Std)  |  PPR-only Recall (Mean±Std)  |  Δ Mean
2026-06-28 17:05:37,633 [INFO] ----------|---------------------------------|------------------------------|----------
2026-06-28 17:05:37,633 [INFO]       10  |  0.2990 ± 0.0062       |  0.2660 ± 0.0000        |  +0.0330
2026-06-28 17:05:37,633 [INFO]       50  |  0.4393 ± 0.0026       |  0.3730 ± 0.0000        |  +0.0663
2026-06-28 17:05:37,633 [INFO]      100  |  0.5333 ± 0.0038       |  0.4380 ± 0.0000        |  +0.0953
2026-06-28 17:05:37,633 [INFO]      200  |  0.6197 ± 0.0059       |  0.5110 ± 0.0000        |  +0.1087
2026-06-28 17:05:37,633 [INFO]      500  |  0.7167 ± 0.0076       |  0.6370 ± 0.0000        |  +0.0797
2026-06-28 17:05:37,634 [INFO] --------------------------------------------------------------------------------
2026-06-28 17:05:37,634 [INFO] 2. ORACLE EVALUATION (Chèn true tail vào pool nếu bị PPR bỏ lỡ)
2026-06-28 17:05:37,634 [INFO] --------------------------------------------------------------------------------
2026-06-28 17:05:37,634 [INFO] Budget K  |  PIVOT (MLP) Recall (Mean±Std)  |  PPR-only Recall (Mean±Std)  |  Δ Mean
2026-06-28 17:05:37,634 [INFO] ----------|---------------------------------|------------------------------|----------
2026-06-28 17:05:37,634 [INFO]       10  |  0.2990 ± 0.0062       |  0.2660 ± 0.0000        |  +0.0330
2026-06-28 17:05:37,634 [INFO]       50  |  0.4393 ± 0.0026       |  0.3730 ± 0.0000        |  +0.0663
2026-06-28 17:05:37,635 [INFO]      100  |  0.5333 ± 0.0038       |  0.4380 ± 0.0000        |  +0.0953
2026-06-28 17:05:37,635 [INFO]      200  |  0.6197 ± 0.0059       |  0.5110 ± 0.0000        |  +0.1087
2026-06-28 17:05:37,635 [INFO]      500  |  0.7167 ± 0.0076       |  0.6370 ± 0.0000        |  +0.0797
2026-06-28 17:05:37,635 [INFO] ================================================================================
2026-06-28 17:05:37,635 [INFO] Done.
