2026-07-19 22:29:05,543 [INFO] Running WN18RR Pruning MLP pipeline (Ablation Mode: v3)
2026-07-19 22:29:05,543 [INFO] Arguments: Namespace(data_path='data/WN18RR/', gpu=0, topk=0.1, topm=-1, cpu=8, epochs=25, lr=0.001, weight_decay=1e-05, lambda_rank=0.4, n_hard_neg=30, n_random_neg=20, hinge_margin=1.0, early_stop_patience=5, ablation_mode='v3')
2026-07-19 22:29:05,543 [INFO] ======================================================================
2026-07-19 22:29:05,543 [INFO] SPEC COMPLIANCE: 7 features, 64->32 architecture, hard-neg mining, multi-seed evaluation
2026-07-19 22:29:05,544 [INFO] ======================================================================
2026-07-19 22:29:05,544 [INFO] Loading WN18RR dataset...
2026-07-19 22:29:07,632 [INFO] KG stats: n_ent=40943, n_rel=11
2026-07-19 22:29:07,633 [INFO] Initializing PPR Sampler (Pre-loading scores)...
2026-07-19 22:38:41,915 [INFO] Building KG adjacency structure...
2026-07-19 22:38:42,502 [INFO] Computing tail_freq_for_q statistics...
2026-07-19 22:38:42,681 [INFO] Computing rel_match_score statistics...
2026-07-19 22:38:42,848 [INFO] Collecting candidate pools and extracting features...
2026-07-19 22:40:32,558 [INFO] Collecting Train Queries | PPR Candidate Pool (size=4094) Coverage: 100.00% (4000/4000)
2026-07-19 22:41:29,112 [INFO] Collecting Valid Queries | PPR Candidate Pool (size=4094) Coverage: 84.20% (842/1000)
2026-07-19 22:41:29,112 [INFO] ============================================================
2026-07-19 22:41:29,113 [INFO] RUNNING WITH SEED: 42
2026-07-19 22:41:29,113 [INFO] ============================================================
2026-07-19 22:41:51,400 [INFO] Seed   42 | Epoch  1/25  |  Loss: 0.7790 (BCE: 0.7274, Hinge: 0.1290)  |  Val Realistic R@100: 0.4880  |  LR: 1.00e-03
2026-07-19 22:42:15,267 [INFO] Seed   42 | Epoch  2/25  |  Loss: 0.6276 (BCE: 0.5887, Hinge: 0.0972)  |  Val Realistic R@100: 0.4880  |  LR: 1.00e-03
2026-07-19 22:42:39,160 [INFO] Seed   42 | Epoch  3/25  |  Loss: 0.5660 (BCE: 0.5306, Hinge: 0.0885)  |  Val Realistic R@100: 0.4770  |  LR: 1.00e-03
2026-07-19 22:42:58,520 [INFO] Seed   42 | Epoch  4/25  |  Loss: 0.5419 (BCE: 0.5079, Hinge: 0.0849)  |  Val Realistic R@100: 0.4840  |  LR: 1.00e-03
2026-07-19 22:43:20,682 [INFO] Seed   42 | Epoch  5/25  |  Loss: 0.5320 (BCE: 0.4982, Hinge: 0.0845)  |  Val Realistic R@100: 0.4800  |  LR: 5.00e-04
2026-07-19 22:43:39,078 [INFO] Seed   42 | Epoch  6/25  |  Loss: 0.5124 (BCE: 0.4806, Hinge: 0.0795)  |  Val Realistic R@100: 0.4930  |  LR: 5.00e-04
2026-07-19 22:44:00,831 [INFO] Seed   42 | Epoch  7/25  |  Loss: 0.5080 (BCE: 0.4765, Hinge: 0.0787)  |  Val Realistic R@100: 0.5000  |  LR: 5.00e-04
2026-07-19 22:44:19,118 [INFO] Seed   42 | Epoch  8/25  |  Loss: 0.5052 (BCE: 0.4738, Hinge: 0.0785)  |  Val Realistic R@100: 0.4880  |  LR: 5.00e-04
2026-07-19 22:44:41,306 [INFO] Seed   42 | Epoch  9/25  |  Loss: 0.5073 (BCE: 0.4755, Hinge: 0.0795)  |  Val Realistic R@100: 0.4910  |  LR: 5.00e-04
2026-07-19 22:45:03,428 [INFO] Seed   42 | Epoch 10/25  |  Loss: 0.4977 (BCE: 0.4670, Hinge: 0.0767)  |  Val Realistic R@100: 0.4970  |  LR: 5.00e-04
2026-07-19 22:45:21,981 [INFO] Seed   42 | Epoch 11/25  |  Loss: 0.5002 (BCE: 0.4686, Hinge: 0.0791)  |  Val Realistic R@100: 0.4910  |  LR: 2.50e-04
2026-07-19 22:45:43,760 [INFO] Seed   42 | Epoch 12/25  |  Loss: 0.4889 (BCE: 0.4587, Hinge: 0.0754)  |  Val Realistic R@100: 0.4960  |  LR: 2.50e-04
2026-07-19 22:45:43,760 [INFO] Early stopping for seed 42 at epoch 12
2026-07-19 22:45:43,765 [INFO] Seed 42 | Best Model loaded (Realistic R@100 = 0.5000)
2026-07-19 22:45:44,927 [INFO] Seed   42 | Budget K= 10 | MLP (Oracle/Real): 0.2760/0.2760 | PPR (Oracle/Real): 0.2660/0.2660
2026-07-19 22:45:46,079 [INFO] Seed   42 | Budget K= 50 | MLP (Oracle/Real): 0.4170/0.4170 | PPR (Oracle/Real): 0.3730/0.3730
2026-07-19 22:45:47,225 [INFO] Seed   42 | Budget K=100 | MLP (Oracle/Real): 0.5000/0.5000 | PPR (Oracle/Real): 0.4380/0.4380
2026-07-19 22:45:48,400 [INFO] Seed   42 | Budget K=200 | MLP (Oracle/Real): 0.5920/0.5920 | PPR (Oracle/Real): 0.5110/0.5110
2026-07-19 22:45:49,581 [INFO] Seed   42 | Budget K=500 | MLP (Oracle/Real): 0.6890/0.6890 | PPR (Oracle/Real): 0.6370/0.6370
2026-07-19 22:45:49,581 [INFO] ============================================================
2026-07-19 22:45:49,581 [INFO] RUNNING WITH SEED: 123
2026-07-19 22:45:49,581 [INFO] ============================================================
2026-07-19 22:46:08,114 [INFO] Seed  123 | Epoch  1/25  |  Loss: 0.7614 (BCE: 0.7093, Hinge: 0.1302)  |  Val Realistic R@100: 0.4930  |  LR: 1.00e-03
2026-07-19 22:46:30,262 [INFO] Seed  123 | Epoch  2/25  |  Loss: 0.5872 (BCE: 0.5500, Hinge: 0.0929)  |  Val Realistic R@100: 0.4800  |  LR: 1.00e-03
2026-07-19 22:46:52,361 [INFO] Seed  123 | Epoch  3/25  |  Loss: 0.5519 (BCE: 0.5165, Hinge: 0.0883)  |  Val Realistic R@100: 0.4840  |  LR: 1.00e-03
2026-07-19 22:47:10,721 [INFO] Seed  123 | Epoch  4/25  |  Loss: 0.5406 (BCE: 0.5066, Hinge: 0.0851)  |  Val Realistic R@100: 0.4830  |  LR: 1.00e-03
2026-07-19 22:47:32,415 [INFO] Seed  123 | Epoch  5/25  |  Loss: 0.5327 (BCE: 0.4990, Hinge: 0.0841)  |  Val Realistic R@100: 0.4920  |  LR: 5.00e-04
2026-07-19 22:47:50,479 [INFO] Seed  123 | Epoch  6/25  |  Loss: 0.5136 (BCE: 0.4814, Hinge: 0.0804)  |  Val Realistic R@100: 0.4920  |  LR: 5.00e-04
2026-07-19 22:47:50,479 [INFO] Early stopping for seed 123 at epoch 6
2026-07-19 22:47:50,484 [INFO] Seed 123 | Best Model loaded (Realistic R@100 = 0.4930)
2026-07-19 22:47:51,641 [INFO] Seed  123 | Budget K= 10 | MLP (Oracle/Real): 0.2760/0.2760 | PPR (Oracle/Real): 0.2660/0.2660
2026-07-19 22:47:52,787 [INFO] Seed  123 | Budget K= 50 | MLP (Oracle/Real): 0.4170/0.4170 | PPR (Oracle/Real): 0.3730/0.3730
2026-07-19 22:47:53,931 [INFO] Seed  123 | Budget K=100 | MLP (Oracle/Real): 0.4930/0.4930 | PPR (Oracle/Real): 0.4380/0.4380
2026-07-19 22:47:55,091 [INFO] Seed  123 | Budget K=200 | MLP (Oracle/Real): 0.5980/0.5980 | PPR (Oracle/Real): 0.5110/0.5110
2026-07-19 22:47:56,261 [INFO] Seed  123 | Budget K=500 | MLP (Oracle/Real): 0.6930/0.6930 | PPR (Oracle/Real): 0.6370/0.6370
2026-07-19 22:47:56,261 [INFO] ============================================================
2026-07-19 22:47:56,261 [INFO] RUNNING WITH SEED: 1234
2026-07-19 22:47:56,261 [INFO] ============================================================
2026-07-19 22:48:17,936 [INFO] Seed 1234 | Epoch  1/25  |  Loss: 0.7786 (BCE: 0.7246, Hinge: 0.1350)  |  Val Realistic R@100: 0.4800  |  LR: 1.00e-03
2026-07-19 22:48:39,660 [INFO] Seed 1234 | Epoch  2/25  |  Loss: 0.6096 (BCE: 0.5700, Hinge: 0.0989)  |  Val Realistic R@100: 0.4930  |  LR: 1.00e-03
2026-07-19 22:48:57,930 [INFO] Seed 1234 | Epoch  3/25  |  Loss: 0.5603 (BCE: 0.5245, Hinge: 0.0896)  |  Val Realistic R@100: 0.4930  |  LR: 1.00e-03
2026-07-19 22:49:20,941 [INFO] Seed 1234 | Epoch  4/25  |  Loss: 0.5465 (BCE: 0.5119, Hinge: 0.0865)  |  Val Realistic R@100: 0.4940  |  LR: 1.00e-03
2026-07-19 22:49:40,810 [INFO] Seed 1234 | Epoch  5/25  |  Loss: 0.5317 (BCE: 0.4983, Hinge: 0.0837)  |  Val Realistic R@100: 0.4840  |  LR: 1.00e-03
2026-07-19 22:50:04,253 [INFO] Seed 1234 | Epoch  6/25  |  Loss: 0.5246 (BCE: 0.4920, Hinge: 0.0816)  |  Val Realistic R@100: 0.4830  |  LR: 1.00e-03
2026-07-19 22:50:27,731 [INFO] Seed 1234 | Epoch  7/25  |  Loss: 0.5212 (BCE: 0.4888, Hinge: 0.0810)  |  Val Realistic R@100: 0.4880  |  LR: 1.00e-03
2026-07-19 22:50:47,576 [INFO] Seed 1234 | Epoch  8/25  |  Loss: 0.5156 (BCE: 0.4833, Hinge: 0.0809)  |  Val Realistic R@100: 0.4990  |  LR: 1.00e-03
2026-07-19 22:51:11,017 [INFO] Seed 1234 | Epoch  9/25  |  Loss: 0.5133 (BCE: 0.4810, Hinge: 0.0809)  |  Val Realistic R@100: 0.5010  |  LR: 1.00e-03
2026-07-19 22:51:30,849 [INFO] Seed 1234 | Epoch 10/25  |  Loss: 0.5026 (BCE: 0.4707, Hinge: 0.0796)  |  Val Realistic R@100: 0.4980  |  LR: 1.00e-03
2026-07-19 22:51:54,248 [INFO] Seed 1234 | Epoch 11/25  |  Loss: 0.5042 (BCE: 0.4725, Hinge: 0.0794)  |  Val Realistic R@100: 0.4970  |  LR: 1.00e-03
2026-07-19 22:52:17,628 [INFO] Seed 1234 | Epoch 12/25  |  Loss: 0.5000 (BCE: 0.4687, Hinge: 0.0783)  |  Val Realistic R@100: 0.5000  |  LR: 1.00e-03
2026-07-19 22:52:37,469 [INFO] Seed 1234 | Epoch 13/25  |  Loss: 0.4956 (BCE: 0.4645, Hinge: 0.0779)  |  Val Realistic R@100: 0.4910  |  LR: 5.00e-04
2026-07-19 22:53:00,918 [INFO] Seed 1234 | Epoch 14/25  |  Loss: 0.4839 (BCE: 0.4537, Hinge: 0.0753)  |  Val Realistic R@100: 0.4980  |  LR: 5.00e-04
2026-07-19 22:53:00,919 [INFO] Early stopping for seed 1234 at epoch 14
2026-07-19 22:53:00,924 [INFO] Seed 1234 | Best Model loaded (Realistic R@100 = 0.5010)
2026-07-19 22:53:02,083 [INFO] Seed 1234 | Budget K= 10 | MLP (Oracle/Real): 0.2700/0.2700 | PPR (Oracle/Real): 0.2660/0.2660
2026-07-19 22:53:03,232 [INFO] Seed 1234 | Budget K= 50 | MLP (Oracle/Real): 0.4140/0.4140 | PPR (Oracle/Real): 0.3730/0.3730
2026-07-19 22:53:04,386 [INFO] Seed 1234 | Budget K=100 | MLP (Oracle/Real): 0.5010/0.5010 | PPR (Oracle/Real): 0.4380/0.4380
2026-07-19 22:53:05,560 [INFO] Seed 1234 | Budget K=200 | MLP (Oracle/Real): 0.6030/0.6030 | PPR (Oracle/Real): 0.5110/0.5110
2026-07-19 22:53:06,734 [INFO] Seed 1234 | Budget K=500 | MLP (Oracle/Real): 0.6870/0.6870 | PPR (Oracle/Real): 0.6370/0.6370
2026-07-19 22:53:06,734 [INFO] ======================================================================
2026-07-19 22:53:06,734 [INFO]                     AGGREGATED MULTI-SEED ANALYSIS                 
2026-07-19 22:53:06,734 [INFO] ======================================================================
2026-07-19 22:53:06,739 [INFO] Aggregated summary saved to: ./data/WN18RR/budget_results/pruning_mlp_aggregated_summary_ablation_v3.csv
2026-07-19 22:53:06,740 [INFO] PPR Candidate Pool Upper Bound (Validation Coverage): 84.20%
2026-07-19 22:53:06,740 [INFO] --------------------------------------------------------------------------------
2026-07-19 22:53:06,740 [INFO] 1. REALISTIC EVALUATION (Coi query ngoài candidate pool là miss - Đúng thực tế)
2026-07-19 22:53:06,740 [INFO] --------------------------------------------------------------------------------
2026-07-19 22:53:06,740 [INFO] Budget K  |  PIVOT (MLP) Recall (Mean±Std)  |  PPR-only Recall (Mean±Std)  |  Δ Mean
2026-07-19 22:53:06,741 [INFO] ----------|---------------------------------|------------------------------|----------
2026-07-19 22:53:06,741 [INFO]       10  |  0.2740 ± 0.0028       |  0.2660 ± 0.0000        |  +0.0080
2026-07-19 22:53:06,741 [INFO]       50  |  0.4160 ± 0.0014       |  0.3730 ± 0.0000        |  +0.0430
2026-07-19 22:53:06,741 [INFO]      100  |  0.4980 ± 0.0036       |  0.4380 ± 0.0000        |  +0.0600
2026-07-19 22:53:06,741 [INFO]      200  |  0.5977 ± 0.0045       |  0.5110 ± 0.0000        |  +0.0867
2026-07-19 22:53:06,741 [INFO]      500  |  0.6897 ± 0.0025       |  0.6370 ± 0.0000        |  +0.0527
2026-07-19 22:53:06,742 [INFO] --------------------------------------------------------------------------------
2026-07-19 22:53:06,742 [INFO] 2. ORACLE EVALUATION (Chèn true tail vào pool nếu bị PPR bỏ lỡ)
2026-07-19 22:53:06,742 [INFO] --------------------------------------------------------------------------------
2026-07-19 22:53:06,742 [INFO] Budget K  |  PIVOT (MLP) Recall (Mean±Std)  |  PPR-only Recall (Mean±Std)  |  Δ Mean
2026-07-19 22:53:06,742 [INFO] ----------|---------------------------------|------------------------------|----------
2026-07-19 22:53:06,742 [INFO]       10  |  0.2740 ± 0.0028       |  0.2660 ± 0.0000        |  +0.0080
2026-07-19 22:53:06,743 [INFO]       50  |  0.4160 ± 0.0014       |  0.3730 ± 0.0000        |  +0.0430
2026-07-19 22:53:06,743 [INFO]      100  |  0.4980 ± 0.0036       |  0.4380 ± 0.0000        |  +0.0600
2026-07-19 22:53:06,743 [INFO]      200  |  0.5977 ± 0.0045       |  0.5110 ± 0.0000        |  +0.0867
2026-07-19 22:53:06,743 [INFO]      500  |  0.6897 ± 0.0025       |  0.6370 ± 0.0000        |  +0.0527
2026-07-19 22:53:06,743 [INFO] ================================================================================
2026-07-19 22:53:06,743 [INFO] Done.
