2026-07-19 23:33:54,069 [INFO] Running WN18RR Pruning MLP pipeline (Ablation Mode: l2)
2026-07-19 23:33:54,069 [INFO] Arguments: Namespace(data_path='data/WN18RR/', gpu=0, topk=0.1, topm=-1, cpu=8, epochs=25, lr=0.001, weight_decay=1e-05, lambda_rank=0.4, n_hard_neg=30, n_random_neg=20, hinge_margin=1.0, early_stop_patience=5, ablation_mode='l2')
2026-07-19 23:33:54,069 [INFO] ======================================================================
2026-07-19 23:33:54,069 [INFO] SPEC COMPLIANCE: 7 features, 64->32 architecture, hard-neg mining, multi-seed evaluation
2026-07-19 23:33:54,070 [INFO] ======================================================================
2026-07-19 23:33:54,070 [INFO] Loading WN18RR dataset...
2026-07-19 23:33:56,374 [INFO] KG stats: n_ent=40943, n_rel=11
2026-07-19 23:33:56,374 [INFO] Initializing PPR Sampler (Pre-loading scores)...
2026-07-19 23:43:16,895 [INFO] Building KG adjacency structure...
2026-07-19 23:43:17,403 [INFO] Computing tail_freq_for_q statistics...
2026-07-19 23:43:17,570 [INFO] Computing rel_match_score statistics...
2026-07-19 23:43:17,735 [INFO] Collecting candidate pools and extracting features...
2026-07-19 23:45:13,070 [INFO] Collecting Train Queries | PPR Candidate Pool (size=4094) Coverage: 100.00% (4000/4000)
2026-07-19 23:46:09,264 [INFO] Collecting Valid Queries | PPR Candidate Pool (size=4094) Coverage: 84.20% (842/1000)
2026-07-19 23:46:09,265 [INFO] ============================================================
2026-07-19 23:46:09,265 [INFO] RUNNING WITH SEED: 42
2026-07-19 23:46:09,265 [INFO] ============================================================
2026-07-19 23:46:29,551 [INFO] Seed   42 | Epoch  1/25  |  Loss: 0.7314 (BCE: 0.6839, Hinge: 0.1189)  |  Val Realistic R@100: 0.4810  |  LR: 1.00e-03
2026-07-19 23:46:51,867 [INFO] Seed   42 | Epoch  2/25  |  Loss: 0.6089 (BCE: 0.5719, Hinge: 0.0924)  |  Val Realistic R@100: 0.5110  |  LR: 1.00e-03
2026-07-19 23:47:10,552 [INFO] Seed   42 | Epoch  3/25  |  Loss: 0.5592 (BCE: 0.5264, Hinge: 0.0821)  |  Val Realistic R@100: 0.4950  |  LR: 1.00e-03
2026-07-19 23:47:32,860 [INFO] Seed   42 | Epoch  4/25  |  Loss: 0.5405 (BCE: 0.5092, Hinge: 0.0781)  |  Val Realistic R@100: 0.4700  |  LR: 1.00e-03
2026-07-19 23:47:51,459 [INFO] Seed   42 | Epoch  5/25  |  Loss: 0.5183 (BCE: 0.4885, Hinge: 0.0745)  |  Val Realistic R@100: 0.4770  |  LR: 1.00e-03
2026-07-19 23:48:13,658 [INFO] Seed   42 | Epoch  6/25  |  Loss: 0.5011 (BCE: 0.4720, Hinge: 0.0730)  |  Val Realistic R@100: 0.4730  |  LR: 5.00e-04
2026-07-19 23:48:35,846 [INFO] Seed   42 | Epoch  7/25  |  Loss: 0.4775 (BCE: 0.4496, Hinge: 0.0698)  |  Val Realistic R@100: 0.4680  |  LR: 5.00e-04
2026-07-19 23:48:35,846 [INFO] Early stopping for seed 42 at epoch 7
2026-07-19 23:48:35,852 [INFO] Seed 42 | Best Model loaded (Realistic R@100 = 0.5110)
2026-07-19 23:48:37,042 [INFO] Seed   42 | Budget K= 10 | MLP (Oracle/Real): 0.2830/0.2830 | PPR (Oracle/Real): 0.2660/0.2660
2026-07-19 23:48:38,228 [INFO] Seed   42 | Budget K= 50 | MLP (Oracle/Real): 0.4250/0.4250 | PPR (Oracle/Real): 0.3730/0.3730
2026-07-19 23:48:39,394 [INFO] Seed   42 | Budget K=100 | MLP (Oracle/Real): 0.5110/0.5110 | PPR (Oracle/Real): 0.4380/0.4380
2026-07-19 23:48:40,580 [INFO] Seed   42 | Budget K=200 | MLP (Oracle/Real): 0.6000/0.6000 | PPR (Oracle/Real): 0.5110/0.5110
2026-07-19 23:48:41,777 [INFO] Seed   42 | Budget K=500 | MLP (Oracle/Real): 0.6920/0.6920 | PPR (Oracle/Real): 0.6370/0.6370
2026-07-19 23:48:41,777 [INFO] ============================================================
2026-07-19 23:48:41,777 [INFO] RUNNING WITH SEED: 123
2026-07-19 23:48:41,777 [INFO] ============================================================
2026-07-19 23:49:00,454 [INFO] Seed  123 | Epoch  1/25  |  Loss: 0.7548 (BCE: 0.7022, Hinge: 0.1315)  |  Val Realistic R@100: 0.4440  |  LR: 1.00e-03
2026-07-19 23:49:22,760 [INFO] Seed  123 | Epoch  2/25  |  Loss: 0.5848 (BCE: 0.5492, Hinge: 0.0890)  |  Val Realistic R@100: 0.4710  |  LR: 1.00e-03
2026-07-19 23:49:41,412 [INFO] Seed  123 | Epoch  3/25  |  Loss: 0.5280 (BCE: 0.4962, Hinge: 0.0795)  |  Val Realistic R@100: 0.4850  |  LR: 1.00e-03
2026-07-19 23:50:03,708 [INFO] Seed  123 | Epoch  4/25  |  Loss: 0.5059 (BCE: 0.4758, Hinge: 0.0753)  |  Val Realistic R@100: 0.4880  |  LR: 1.00e-03
2026-07-19 23:50:26,046 [INFO] Seed  123 | Epoch  5/25  |  Loss: 0.4985 (BCE: 0.4686, Hinge: 0.0750)  |  Val Realistic R@100: 0.4790  |  LR: 1.00e-03
2026-07-19 23:50:44,750 [INFO] Seed  123 | Epoch  6/25  |  Loss: 0.4929 (BCE: 0.4640, Hinge: 0.0721)  |  Val Realistic R@100: 0.4700  |  LR: 1.00e-03
2026-07-19 23:51:07,020 [INFO] Seed  123 | Epoch  7/25  |  Loss: 0.4834 (BCE: 0.4552, Hinge: 0.0705)  |  Val Realistic R@100: 0.4870  |  LR: 1.00e-03
2026-07-19 23:51:25,676 [INFO] Seed  123 | Epoch  8/25  |  Loss: 0.4791 (BCE: 0.4508, Hinge: 0.0706)  |  Val Realistic R@100: 0.4860  |  LR: 5.00e-04
2026-07-19 23:51:47,940 [INFO] Seed  123 | Epoch  9/25  |  Loss: 0.4571 (BCE: 0.4307, Hinge: 0.0661)  |  Val Realistic R@100: 0.4800  |  LR: 5.00e-04
2026-07-19 23:51:47,940 [INFO] Early stopping for seed 123 at epoch 9
2026-07-19 23:51:47,944 [INFO] Seed 123 | Best Model loaded (Realistic R@100 = 0.4880)
2026-07-19 23:51:49,140 [INFO] Seed  123 | Budget K= 10 | MLP (Oracle/Real): 0.2820/0.2820 | PPR (Oracle/Real): 0.2660/0.2660
2026-07-19 23:51:50,303 [INFO] Seed  123 | Budget K= 50 | MLP (Oracle/Real): 0.4160/0.4160 | PPR (Oracle/Real): 0.3730/0.3730
2026-07-19 23:51:51,469 [INFO] Seed  123 | Budget K=100 | MLP (Oracle/Real): 0.4880/0.4880 | PPR (Oracle/Real): 0.4380/0.4380
2026-07-19 23:51:52,651 [INFO] Seed  123 | Budget K=200 | MLP (Oracle/Real): 0.5790/0.5790 | PPR (Oracle/Real): 0.5110/0.5110
2026-07-19 23:51:53,820 [INFO] Seed  123 | Budget K=500 | MLP (Oracle/Real): 0.6890/0.6890 | PPR (Oracle/Real): 0.6370/0.6370
2026-07-19 23:51:53,820 [INFO] ============================================================
2026-07-19 23:51:53,820 [INFO] RUNNING WITH SEED: 1234
2026-07-19 23:51:53,821 [INFO] ============================================================
2026-07-19 23:52:16,159 [INFO] Seed 1234 | Epoch  1/25  |  Loss: 0.7275 (BCE: 0.6771, Hinge: 0.1260)  |  Val Realistic R@100: 0.4720  |  LR: 1.00e-03
2026-07-19 23:52:34,849 [INFO] Seed 1234 | Epoch  2/25  |  Loss: 0.5546 (BCE: 0.5194, Hinge: 0.0880)  |  Val Realistic R@100: 0.4530  |  LR: 1.00e-03
2026-07-19 23:52:57,196 [INFO] Seed 1234 | Epoch  3/25  |  Loss: 0.5215 (BCE: 0.4897, Hinge: 0.0796)  |  Val Realistic R@100: 0.4780  |  LR: 1.00e-03
2026-07-19 23:53:15,942 [INFO] Seed 1234 | Epoch  4/25  |  Loss: 0.5059 (BCE: 0.4752, Hinge: 0.0767)  |  Val Realistic R@100: 0.4730  |  LR: 1.00e-03
2026-07-19 23:53:38,332 [INFO] Seed 1234 | Epoch  5/25  |  Loss: 0.4983 (BCE: 0.4681, Hinge: 0.0753)  |  Val Realistic R@100: 0.4790  |  LR: 1.00e-03
2026-07-19 23:54:00,586 [INFO] Seed 1234 | Epoch  6/25  |  Loss: 0.4957 (BCE: 0.4658, Hinge: 0.0749)  |  Val Realistic R@100: 0.4670  |  LR: 1.00e-03
2026-07-19 23:54:19,334 [INFO] Seed 1234 | Epoch  7/25  |  Loss: 0.4893 (BCE: 0.4596, Hinge: 0.0743)  |  Val Realistic R@100: 0.4750  |  LR: 1.00e-03
2026-07-19 23:54:41,775 [INFO] Seed 1234 | Epoch  8/25  |  Loss: 0.4863 (BCE: 0.4574, Hinge: 0.0724)  |  Val Realistic R@100: 0.4630  |  LR: 1.00e-03
2026-07-19 23:55:00,620 [INFO] Seed 1234 | Epoch  9/25  |  Loss: 0.4803 (BCE: 0.4516, Hinge: 0.0718)  |  Val Realistic R@100: 0.4810  |  LR: 1.00e-03
2026-07-19 23:55:23,063 [INFO] Seed 1234 | Epoch 10/25  |  Loss: 0.4744 (BCE: 0.4462, Hinge: 0.0705)  |  Val Realistic R@100: 0.4670  |  LR: 1.00e-03
2026-07-19 23:55:47,713 [INFO] Seed 1234 | Epoch 11/25  |  Loss: 0.4677 (BCE: 0.4397, Hinge: 0.0701)  |  Val Realistic R@100: 0.4790  |  LR: 1.00e-03
2026-07-19 23:56:09,313 [INFO] Seed 1234 | Epoch 12/25  |  Loss: 0.4717 (BCE: 0.4434, Hinge: 0.0709)  |  Val Realistic R@100: 0.4700  |  LR: 1.00e-03
2026-07-19 23:56:34,432 [INFO] Seed 1234 | Epoch 13/25  |  Loss: 0.4667 (BCE: 0.4387, Hinge: 0.0701)  |  Val Realistic R@100: 0.4830  |  LR: 1.00e-03
2026-07-19 23:56:59,627 [INFO] Seed 1234 | Epoch 14/25  |  Loss: 0.4589 (BCE: 0.4317, Hinge: 0.0682)  |  Val Realistic R@100: 0.4790  |  LR: 1.00e-03
2026-07-19 23:57:20,879 [INFO] Seed 1234 | Epoch 15/25  |  Loss: 0.4589 (BCE: 0.4318, Hinge: 0.0677)  |  Val Realistic R@100: 0.4860  |  LR: 1.00e-03
2026-07-19 23:57:43,620 [INFO] Seed 1234 | Epoch 16/25  |  Loss: 0.4580 (BCE: 0.4309, Hinge: 0.0677)  |  Val Realistic R@100: 0.4730  |  LR: 1.00e-03
2026-07-19 23:58:02,747 [INFO] Seed 1234 | Epoch 17/25  |  Loss: 0.4598 (BCE: 0.4322, Hinge: 0.0689)  |  Val Realistic R@100: 0.4740  |  LR: 1.00e-03
2026-07-19 23:58:25,473 [INFO] Seed 1234 | Epoch 18/25  |  Loss: 0.4528 (BCE: 0.4258, Hinge: 0.0676)  |  Val Realistic R@100: 0.4750  |  LR: 1.00e-03
2026-07-19 23:58:48,157 [INFO] Seed 1234 | Epoch 19/25  |  Loss: 0.4520 (BCE: 0.4248, Hinge: 0.0679)  |  Val Realistic R@100: 0.4640  |  LR: 5.00e-04
2026-07-19 23:59:07,247 [INFO] Seed 1234 | Epoch 20/25  |  Loss: 0.4344 (BCE: 0.4091, Hinge: 0.0633)  |  Val Realistic R@100: 0.4770  |  LR: 5.00e-04
2026-07-19 23:59:07,247 [INFO] Early stopping for seed 1234 at epoch 20
2026-07-19 23:59:07,252 [INFO] Seed 1234 | Best Model loaded (Realistic R@100 = 0.4860)
2026-07-19 23:59:08,469 [INFO] Seed 1234 | Budget K= 10 | MLP (Oracle/Real): 0.2770/0.2770 | PPR (Oracle/Real): 0.2660/0.2660
2026-07-19 23:59:09,661 [INFO] Seed 1234 | Budget K= 50 | MLP (Oracle/Real): 0.4230/0.4230 | PPR (Oracle/Real): 0.3730/0.3730
2026-07-19 23:59:10,863 [INFO] Seed 1234 | Budget K=100 | MLP (Oracle/Real): 0.4860/0.4860 | PPR (Oracle/Real): 0.4380/0.4380
2026-07-19 23:59:12,069 [INFO] Seed 1234 | Budget K=200 | MLP (Oracle/Real): 0.5780/0.5780 | PPR (Oracle/Real): 0.5110/0.5110
2026-07-19 23:59:13,273 [INFO] Seed 1234 | Budget K=500 | MLP (Oracle/Real): 0.6840/0.6840 | PPR (Oracle/Real): 0.6370/0.6370
2026-07-19 23:59:13,274 [INFO] ======================================================================
2026-07-19 23:59:13,274 [INFO]                     AGGREGATED MULTI-SEED ANALYSIS                 
2026-07-19 23:59:13,274 [INFO] ======================================================================
2026-07-19 23:59:13,280 [INFO] Aggregated summary saved to: ./data/WN18RR/budget_results/pruning_mlp_aggregated_summary_ablation_l2.csv
2026-07-19 23:59:13,280 [INFO] PPR Candidate Pool Upper Bound (Validation Coverage): 84.20%
2026-07-19 23:59:13,280 [INFO] --------------------------------------------------------------------------------
2026-07-19 23:59:13,281 [INFO] 1. REALISTIC EVALUATION (Coi query ngoài candidate pool là miss - Đúng thực tế)
2026-07-19 23:59:13,281 [INFO] --------------------------------------------------------------------------------
2026-07-19 23:59:13,281 [INFO] Budget K  |  PIVOT (MLP) Recall (Mean±Std)  |  PPR-only Recall (Mean±Std)  |  Δ Mean
2026-07-19 23:59:13,281 [INFO] ----------|---------------------------------|------------------------------|----------
2026-07-19 23:59:13,281 [INFO]       10  |  0.2807 ± 0.0026       |  0.2660 ± 0.0000        |  +0.0147
2026-07-19 23:59:13,281 [INFO]       50  |  0.4213 ± 0.0039       |  0.3730 ± 0.0000        |  +0.0483
2026-07-19 23:59:13,282 [INFO]      100  |  0.4950 ± 0.0113       |  0.4380 ± 0.0000        |  +0.0570
2026-07-19 23:59:13,282 [INFO]      200  |  0.5857 ± 0.0101       |  0.5110 ± 0.0000        |  +0.0747
2026-07-19 23:59:13,282 [INFO]      500  |  0.6883 ± 0.0033       |  0.6370 ± 0.0000        |  +0.0513
2026-07-19 23:59:13,282 [INFO] --------------------------------------------------------------------------------
2026-07-19 23:59:13,282 [INFO] 2. ORACLE EVALUATION (Chèn true tail vào pool nếu bị PPR bỏ lỡ)
2026-07-19 23:59:13,282 [INFO] --------------------------------------------------------------------------------
2026-07-19 23:59:13,283 [INFO] Budget K  |  PIVOT (MLP) Recall (Mean±Std)  |  PPR-only Recall (Mean±Std)  |  Δ Mean
2026-07-19 23:59:13,283 [INFO] ----------|---------------------------------|------------------------------|----------
2026-07-19 23:59:13,283 [INFO]       10  |  0.2807 ± 0.0026       |  0.2660 ± 0.0000        |  +0.0147
2026-07-19 23:59:13,283 [INFO]       50  |  0.4213 ± 0.0039       |  0.3730 ± 0.0000        |  +0.0483
2026-07-19 23:59:13,283 [INFO]      100  |  0.4950 ± 0.0113       |  0.4380 ± 0.0000        |  +0.0570
2026-07-19 23:59:13,283 [INFO]      200  |  0.5857 ± 0.0101       |  0.5110 ± 0.0000        |  +0.0747
2026-07-19 23:59:13,284 [INFO]      500  |  0.6883 ± 0.0033       |  0.6370 ± 0.0000        |  +0.0513
2026-07-19 23:59:13,284 [INFO] ================================================================================
2026-07-19 23:59:13,284 [INFO] Done.
